[INFO ][20170409 11:14:57,490][AbstractApplicationContext:510] Refreshing org.springframework.context.support.ClassPathXmlApplicationContext@4eff1d61: startup date [Sun Apr 09 11:14:57 CST 2017]; root of context hierarchy
[INFO ][20170409 11:14:57,592][XmlBeanDefinitionReader:315] Loading XML bean definitions from class path resource [spring/spring-context.xml]
[INFO ][20170409 11:14:58,032][XmlBeanDefinitionReader:315] Loading XML bean definitions from class path resource [spring/spring-mybatis.xml]
[INFO ][20170409 11:14:58,071][XmlBeanDefinitionReader:315] Loading XML bean definitions from class path resource [spring/dubbo-provider.xml]
[INFO ][20170409 11:14:58,179][?:?] using logger: com.alibaba.dubbo.common.logger.log4j.Log4jLoggerAdapter
[INFO ][20170409 11:14:58,467][PropertiesLoaderSupport:172] Loading properties file from class path resource [jdbc.properties]
[INFO ][20170409 11:14:58,468][PropertiesLoaderSupport:172] Loading properties file from class path resource [service.properties]
[INFO ][20170409 11:14:58,556][DefaultListableBeanFactory:598] Pre-instantiating singletons in org.springframework.beans.factory.support.DefaultListableBeanFactory@1583106e: defining beans [org.springframework.context.annotation.internalConfigurationAnnotationProcessor,org.springframework.context.annotation.internalAutowiredAnnotationProcessor,org.springframework.context.annotation.internalRequiredAnnotationProcessor,org.springframework.context.annotation.internalCommonAnnotationProcessor,org.springframework.context.support.PropertySourcesPlaceholderConfigurer#0,org.springframework.aop.config.internalAutoProxyCreator,dataSource,sqlSessionFactory,sessionTemplate,transactionManager,gw-service-user,com.alibaba.dubbo.config.RegistryConfig,dubbo,wusc.edu.facade.user.service.PmsUserFacade,org.springframework.context.annotation.ConfigurationClassPostProcessor.importAwareProcessor]; root of factory hierarchy
[INFO ][20170409 11:14:59,234][DruidDataSource:669] {dataSource-1} inited
[INFO ][20170409 11:14:59,236][DefaultSingletonBeanRegistry:444] Destroying singletons in org.springframework.beans.factory.support.DefaultListableBeanFactory@1583106e: defining beans [org.springframework.context.annotation.internalConfigurationAnnotationProcessor,org.springframework.context.annotation.internalAutowiredAnnotationProcessor,org.springframework.context.annotation.internalRequiredAnnotationProcessor,org.springframework.context.annotation.internalCommonAnnotationProcessor,org.springframework.context.support.PropertySourcesPlaceholderConfigurer#0,org.springframework.aop.config.internalAutoProxyCreator,dataSource,sqlSessionFactory,sessionTemplate,transactionManager,gw-service-user,com.alibaba.dubbo.config.RegistryConfig,dubbo,wusc.edu.facade.user.service.PmsUserFacade,org.springframework.context.annotation.ConfigurationClassPostProcessor.importAwareProcessor]; root of factory hierarchy
[ERROR][20170409 11:14:59,237][DubboProvider:23] == DubboProvider context start error:
org.springframework.beans.factory.BeanCreationException: Error creating bean with name 'dataSource' defined in class path resource [spring/spring-mybatis.xml]: Invocation of init method failed; nested exception is java.lang.IllegalArgumentException: Failed to decrypt.
	at org.springframework.beans.factory.support.AbstractAutowireCapableBeanFactory.initializeBean(AbstractAutowireCapableBeanFactory.java:1482)
	at org.springframework.beans.factory.support.AbstractAutowireCapableBeanFactory.doCreateBean(AbstractAutowireCapableBeanFactory.java:521)
	at org.springframework.beans.factory.support.AbstractAutowireCapableBeanFactory.createBean(AbstractAutowireCapableBeanFactory.java:458)
	at org.springframework.beans.factory.support.AbstractBeanFactory$1.getObject(AbstractBeanFactory.java:295)
	at org.springframework.beans.factory.support.DefaultSingletonBeanRegistry.getSingleton(DefaultSingletonBeanRegistry.java:223)
	at org.springframework.beans.factory.support.AbstractBeanFactory.doGetBean(AbstractBeanFactory.java:292)
	at org.springframework.beans.factory.support.AbstractBeanFactory.getBean(AbstractBeanFactory.java:194)
	at org.springframework.beans.factory.support.DefaultListableBeanFactory.preInstantiateSingletons(DefaultListableBeanFactory.java:628)
	at org.springframework.context.support.AbstractApplicationContext.finishBeanFactoryInitialization(AbstractApplicationContext.java:932)
	at org.springframework.context.support.AbstractApplicationContext.refresh(AbstractApplicationContext.java:479)
	at org.springframework.context.support.ClassPathXmlApplicationContext.<init>(ClassPathXmlApplicationContext.java:139)
	at org.springframework.context.support.ClassPathXmlApplicationContext.<init>(ClassPathXmlApplicationContext.java:83)
	at dubbo.test.DubboProvider.main(DubboProvider.java:20)
Caused by: java.lang.IllegalArgumentException: Failed to decrypt.
	at com.alibaba.druid.filter.config.ConfigFilter.decrypt(ConfigFilter.java:211)
	at com.alibaba.druid.filter.config.ConfigFilter.init(ConfigFilter.java:123)
	at com.alibaba.druid.pool.DruidDataSource.init(DruidDataSource.java:550)
	at sun.reflect.NativeMethodAccessorImpl.invoke0(Native Method)
	at sun.reflect.NativeMethodAccessorImpl.invoke(NativeMethodAccessorImpl.java:57)
	at sun.reflect.DelegatingMethodAccessorImpl.invoke(DelegatingMethodAccessorImpl.java:43)
	at java.lang.reflect.Method.invoke(Method.java:606)
	at org.springframework.beans.factory.support.AbstractAutowireCapableBeanFactory.invokeCustomInitMethod(AbstractAutowireCapableBeanFactory.java:1608)
	at org.springframework.beans.factory.support.AbstractAutowireCapableBeanFactory.invokeInitMethods(AbstractAutowireCapableBeanFactory.java:1549)
	at org.springframework.beans.factory.support.AbstractAutowireCapableBeanFactory.initializeBean(AbstractAutowireCapableBeanFactory.java:1479)
	... 12 more
Caused by: javax.crypto.BadPaddingException: Data must start with zero
	at sun.security.rsa.RSAPadding.unpadV15(RSAPadding.java:329)
	at sun.security.rsa.RSAPadding.unpad(RSAPadding.java:272)
	at com.sun.crypto.provider.RSACipher.doFinal(RSACipher.java:349)
	at com.sun.crypto.provider.RSACipher.engineDoFinal(RSACipher.java:382)
	at javax.crypto.Cipher.doFinal(Cipher.java:2087)
	at com.alibaba.druid.filter.config.ConfigTools.decrypt(ConfigTools.java:147)
	at com.alibaba.druid.filter.config.ConfigFilter.decrypt(ConfigFilter.java:203)
	... 21 more
[INFO ][20170409 11:15:48,179][AbstractApplicationContext:510] Refreshing org.springframework.context.support.ClassPathXmlApplicationContext@4ee1f3cb: startup date [Sun Apr 09 11:15:48 CST 2017]; root of context hierarchy
[INFO ][20170409 11:15:48,272][XmlBeanDefinitionReader:315] Loading XML bean definitions from class path resource [spring/spring-context.xml]
[INFO ][20170409 11:15:48,608][XmlBeanDefinitionReader:315] Loading XML bean definitions from class path resource [spring/spring-mybatis.xml]
[INFO ][20170409 11:15:48,657][XmlBeanDefinitionReader:315] Loading XML bean definitions from class path resource [spring/dubbo-provider.xml]
[INFO ][20170409 11:15:48,744][?:?] using logger: com.alibaba.dubbo.common.logger.log4j.Log4jLoggerAdapter
[INFO ][20170409 11:15:49,003][PropertiesLoaderSupport:172] Loading properties file from class path resource [jdbc.properties]
[INFO ][20170409 11:15:49,004][PropertiesLoaderSupport:172] Loading properties file from class path resource [service.properties]
[INFO ][20170409 11:15:49,100][DefaultListableBeanFactory:598] Pre-instantiating singletons in org.springframework.beans.factory.support.DefaultListableBeanFactory@4fabb0ca: defining beans [org.springframework.context.annotation.internalConfigurationAnnotationProcessor,org.springframework.context.annotation.internalAutowiredAnnotationProcessor,org.springframework.context.annotation.internalRequiredAnnotationProcessor,org.springframework.context.annotation.internalCommonAnnotationProcessor,org.springframework.context.support.PropertySourcesPlaceholderConfigurer#0,org.springframework.aop.config.internalAutoProxyCreator,dataSource,sqlSessionFactory,sessionTemplate,transactionManager,gw-service-user,com.alibaba.dubbo.config.RegistryConfig,dubbo,wusc.edu.facade.user.service.PmsUserFacade,org.springframework.context.annotation.ConfigurationClassPostProcessor.importAwareProcessor]; root of factory hierarchy
[INFO ][20170409 11:15:50,225][DruidDataSource:669] {dataSource-1} inited
[INFO ][20170409 11:15:50,444][DefaultSingletonBeanRegistry:444] Destroying singletons in org.springframework.beans.factory.support.DefaultListableBeanFactory@4fabb0ca: defining beans [org.springframework.context.annotation.internalConfigurationAnnotationProcessor,org.springframework.context.annotation.internalAutowiredAnnotationProcessor,org.springframework.context.annotation.internalRequiredAnnotationProcessor,org.springframework.context.annotation.internalCommonAnnotationProcessor,org.springframework.context.support.PropertySourcesPlaceholderConfigurer#0,org.springframework.aop.config.internalAutoProxyCreator,dataSource,sqlSessionFactory,sessionTemplate,transactionManager,gw-service-user,com.alibaba.dubbo.config.RegistryConfig,dubbo,wusc.edu.facade.user.service.PmsUserFacade,org.springframework.context.annotation.ConfigurationClassPostProcessor.importAwareProcessor]; root of factory hierarchy
[INFO ][20170409 11:15:50,447][DruidDataSource:1385] {dataSource-1} closed
[ERROR][20170409 11:15:50,448][DubboProvider:23] == DubboProvider context start error:
org.springframework.beans.factory.BeanCreationException: Error creating bean with name 'sqlSessionFactory' defined in class path resource [spring/spring-mybatis.xml]: Invocation of init method failed; nested exception is org.springframework.core.NestedIOException: Failed to parse config resource: class path resource [mybatis/mybatis-config.xml]; nested exception is org.apache.ibatis.builder.BuilderException: Error parsing SQL Mapper Configuration. Cause: org.apache.ibatis.builder.BuilderException: Error registering typeAlias for 'PmsUser'. Cause: java.lang.ClassNotFoundException: Cannot find class: wusc.edu.facade.user.entity.PmsUser
	at org.springframework.beans.factory.support.AbstractAutowireCapableBeanFactory.initializeBean(AbstractAutowireCapableBeanFactory.java:1482)
	at org.springframework.beans.factory.support.AbstractAutowireCapableBeanFactory.doCreateBean(AbstractAutowireCapableBeanFactory.java:521)
	at org.springframework.beans.factory.support.AbstractAutowireCapableBeanFactory.createBean(AbstractAutowireCapableBeanFactory.java:458)
	at org.springframework.beans.factory.support.AbstractBeanFactory$1.getObject(AbstractBeanFactory.java:295)
	at org.springframework.beans.factory.support.DefaultSingletonBeanRegistry.getSingleton(DefaultSingletonBeanRegistry.java:223)
	at org.springframework.beans.factory.support.AbstractBeanFactory.doGetBean(AbstractBeanFactory.java:292)
	at org.springframework.beans.factory.support.AbstractBeanFactory.getBean(AbstractBeanFactory.java:194)
	at org.springframework.beans.factory.support.DefaultListableBeanFactory.preInstantiateSingletons(DefaultListableBeanFactory.java:610)
	at org.springframework.context.support.AbstractApplicationContext.finishBeanFactoryInitialization(AbstractApplicationContext.java:932)
	at org.springframework.context.support.AbstractApplicationContext.refresh(AbstractApplicationContext.java:479)
	at org.springframework.context.support.ClassPathXmlApplicationContext.<init>(ClassPathXmlApplicationContext.java:139)
	at org.springframework.context.support.ClassPathXmlApplicationContext.<init>(ClassPathXmlApplicationContext.java:83)
	at dubbo.test.DubboProvider.main(DubboProvider.java:20)
Caused by: org.springframework.core.NestedIOException: Failed to parse config resource: class path resource [mybatis/mybatis-config.xml]; nested exception is org.apache.ibatis.builder.BuilderException: Error parsing SQL Mapper Configuration. Cause: org.apache.ibatis.builder.BuilderException: Error registering typeAlias for 'PmsUser'. Cause: java.lang.ClassNotFoundException: Cannot find class: wusc.edu.facade.user.entity.PmsUser
	at org.mybatis.spring.SqlSessionFactoryBean.buildSqlSessionFactory(SqlSessionFactoryBean.java:434)
	at org.mybatis.spring.SqlSessionFactoryBean.afterPropertiesSet(SqlSessionFactoryBean.java:340)
	at org.springframework.beans.factory.support.AbstractAutowireCapableBeanFactory.invokeInitMethods(AbstractAutowireCapableBeanFactory.java:1541)
	at org.springframework.beans.factory.support.AbstractAutowireCapableBeanFactory.initializeBean(AbstractAutowireCapableBeanFactory.java:1479)
	... 12 more
Caused by: org.apache.ibatis.builder.BuilderException: Error parsing SQL Mapper Configuration. Cause: org.apache.ibatis.builder.BuilderException: Error registering typeAlias for 'PmsUser'. Cause: java.lang.ClassNotFoundException: Cannot find class: wusc.edu.facade.user.entity.PmsUser
	at org.apache.ibatis.builder.xml.XMLConfigBuilder.parseConfiguration(XMLConfigBuilder.java:109)
	at org.apache.ibatis.builder.xml.XMLConfigBuilder.parse(XMLConfigBuilder.java:92)
	at org.mybatis.spring.SqlSessionFactoryBean.buildSqlSessionFactory(SqlSessionFactoryBean.java:428)
	... 15 more
Caused by: org.apache.ibatis.builder.BuilderException: Error registering typeAlias for 'PmsUser'. Cause: java.lang.ClassNotFoundException: Cannot find class: wusc.edu.facade.user.entity.PmsUser
	at org.apache.ibatis.builder.xml.XMLConfigBuilder.typeAliasesElement(XMLConfigBuilder.java:130)
	at org.apache.ibatis.builder.xml.XMLConfigBuilder.parseConfiguration(XMLConfigBuilder.java:99)
	... 17 more
Caused by: java.lang.ClassNotFoundException: Cannot find class: wusc.edu.facade.user.entity.PmsUser
	at org.apache.ibatis.io.ClassLoaderWrapper.classForName(ClassLoaderWrapper.java:190)
	at org.apache.ibatis.io.ClassLoaderWrapper.classForName(ClassLoaderWrapper.java:89)
	at org.apache.ibatis.io.Resources.classForName(Resources.java:256)
	at org.apache.ibatis.builder.xml.XMLConfigBuilder.typeAliasesElement(XMLConfigBuilder.java:123)
	... 18 more
[INFO ][20170409 11:17:56,686][AbstractApplicationContext:510] Refreshing org.springframework.context.support.ClassPathXmlApplicationContext@544cbce2: startup date [Sun Apr 09 11:17:56 CST 2017]; root of context hierarchy
[INFO ][20170409 11:17:56,786][XmlBeanDefinitionReader:315] Loading XML bean definitions from class path resource [spring/spring-context.xml]
[INFO ][20170409 11:17:57,183][XmlBeanDefinitionReader:315] Loading XML bean definitions from class path resource [spring/spring-mybatis.xml]
[INFO ][20170409 11:17:57,238][XmlBeanDefinitionReader:315] Loading XML bean definitions from class path resource [spring/dubbo-provider.xml]
[INFO ][20170409 11:17:57,320][?:?] using logger: com.alibaba.dubbo.common.logger.log4j.Log4jLoggerAdapter
[INFO ][20170409 11:17:57,549][PropertiesLoaderSupport:172] Loading properties file from class path resource [jdbc.properties]
[INFO ][20170409 11:17:57,549][PropertiesLoaderSupport:172] Loading properties file from class path resource [service.properties]
[INFO ][20170409 11:17:57,632][DefaultListableBeanFactory:598] Pre-instantiating singletons in org.springframework.beans.factory.support.DefaultListableBeanFactory@5d0f59a: defining beans [org.springframework.context.annotation.internalConfigurationAnnotationProcessor,org.springframework.context.annotation.internalAutowiredAnnotationProcessor,org.springframework.context.annotation.internalRequiredAnnotationProcessor,org.springframework.context.annotation.internalCommonAnnotationProcessor,org.springframework.context.support.PropertySourcesPlaceholderConfigurer#0,org.springframework.aop.config.internalAutoProxyCreator,dataSource,sqlSessionFactory,sessionTemplate,transactionManager,gw-service-user,com.alibaba.dubbo.config.RegistryConfig,dubbo,wusc.edu.facade.user.service.PmsUserFacade,org.springframework.context.annotation.ConfigurationClassPostProcessor.importAwareProcessor]; root of factory hierarchy
[INFO ][20170409 11:17:58,344][DruidDataSource:669] {dataSource-1} inited
[INFO ][20170409 11:17:58,623][DefaultSingletonBeanRegistry:444] Destroying singletons in org.springframework.beans.factory.support.DefaultListableBeanFactory@5d0f59a: defining beans [org.springframework.context.annotation.internalConfigurationAnnotationProcessor,org.springframework.context.annotation.internalAutowiredAnnotationProcessor,org.springframework.context.annotation.internalRequiredAnnotationProcessor,org.springframework.context.annotation.internalCommonAnnotationProcessor,org.springframework.context.support.PropertySourcesPlaceholderConfigurer#0,org.springframework.aop.config.internalAutoProxyCreator,dataSource,sqlSessionFactory,sessionTemplate,transactionManager,gw-service-user,com.alibaba.dubbo.config.RegistryConfig,dubbo,wusc.edu.facade.user.service.PmsUserFacade,org.springframework.context.annotation.ConfigurationClassPostProcessor.importAwareProcessor]; root of factory hierarchy
[INFO ][20170409 11:17:58,626][DruidDataSource:1385] {dataSource-1} closed
[ERROR][20170409 11:17:58,627][DubboProvider:23] == DubboProvider context start error:
org.springframework.beans.factory.BeanCreationException: Error creating bean with name 'sqlSessionFactory' defined in class path resource [spring/spring-mybatis.xml]: Invocation of init method failed; nested exception is org.springframework.core.NestedIOException: Failed to parse config resource: class path resource [mybatis/mybatis-config.xml]; nested exception is org.apache.ibatis.builder.BuilderException: Error parsing SQL Mapper Configuration. Cause: org.apache.ibatis.builder.BuilderException: Error registering typeAlias for 'PmsUser'. Cause: java.lang.ClassNotFoundException: Cannot find class: wusc.edu.facade.user.entity.PmsUser
	at org.springframework.beans.factory.support.AbstractAutowireCapableBeanFactory.initializeBean(AbstractAutowireCapableBeanFactory.java:1482)
	at org.springframework.beans.factory.support.AbstractAutowireCapableBeanFactory.doCreateBean(AbstractAutowireCapableBeanFactory.java:521)
	at org.springframework.beans.factory.support.AbstractAutowireCapableBeanFactory.createBean(AbstractAutowireCapableBeanFactory.java:458)
	at org.springframework.beans.factory.support.AbstractBeanFactory$1.getObject(AbstractBeanFactory.java:295)
	at org.springframework.beans.factory.support.DefaultSingletonBeanRegistry.getSingleton(DefaultSingletonBeanRegistry.java:223)
	at org.springframework.beans.factory.support.AbstractBeanFactory.doGetBean(AbstractBeanFactory.java:292)
	at org.springframework.beans.factory.support.AbstractBeanFactory.getBean(AbstractBeanFactory.java:194)
	at org.springframework.beans.factory.support.DefaultListableBeanFactory.preInstantiateSingletons(DefaultListableBeanFactory.java:610)
	at org.springframework.context.support.AbstractApplicationContext.finishBeanFactoryInitialization(AbstractApplicationContext.java:932)
	at org.springframework.context.support.AbstractApplicationContext.refresh(AbstractApplicationContext.java:479)
	at org.springframework.context.support.ClassPathXmlApplicationContext.<init>(ClassPathXmlApplicationContext.java:139)
	at org.springframework.context.support.ClassPathXmlApplicationContext.<init>(ClassPathXmlApplicationContext.java:83)
	at dubbo.test.DubboProvider.main(DubboProvider.java:20)
Caused by: org.springframework.core.NestedIOException: Failed to parse config resource: class path resource [mybatis/mybatis-config.xml]; nested exception is org.apache.ibatis.builder.BuilderException: Error parsing SQL Mapper Configuration. Cause: org.apache.ibatis.builder.BuilderException: Error registering typeAlias for 'PmsUser'. Cause: java.lang.ClassNotFoundException: Cannot find class: wusc.edu.facade.user.entity.PmsUser
	at org.mybatis.spring.SqlSessionFactoryBean.buildSqlSessionFactory(SqlSessionFactoryBean.java:434)
	at org.mybatis.spring.SqlSessionFactoryBean.afterPropertiesSet(SqlSessionFactoryBean.java:340)
	at org.springframework.beans.factory.support.AbstractAutowireCapableBeanFactory.invokeInitMethods(AbstractAutowireCapableBeanFactory.java:1541)
	at org.springframework.beans.factory.support.AbstractAutowireCapableBeanFactory.initializeBean(AbstractAutowireCapableBeanFactory.java:1479)
	... 12 more
Caused by: org.apache.ibatis.builder.BuilderException: Error parsing SQL Mapper Configuration. Cause: org.apache.ibatis.builder.BuilderException: Error registering typeAlias for 'PmsUser'. Cause: java.lang.ClassNotFoundException: Cannot find class: wusc.edu.facade.user.entity.PmsUser
	at org.apache.ibatis.builder.xml.XMLConfigBuilder.parseConfiguration(XMLConfigBuilder.java:109)
	at org.apache.ibatis.builder.xml.XMLConfigBuilder.parse(XMLConfigBuilder.java:92)
	at org.mybatis.spring.SqlSessionFactoryBean.buildSqlSessionFactory(SqlSessionFactoryBean.java:428)
	... 15 more
Caused by: org.apache.ibatis.builder.BuilderException: Error registering typeAlias for 'PmsUser'. Cause: java.lang.ClassNotFoundException: Cannot find class: wusc.edu.facade.user.entity.PmsUser
	at org.apache.ibatis.builder.xml.XMLConfigBuilder.typeAliasesElement(XMLConfigBuilder.java:130)
	at org.apache.ibatis.builder.xml.XMLConfigBuilder.parseConfiguration(XMLConfigBuilder.java:99)
	... 17 more
Caused by: java.lang.ClassNotFoundException: Cannot find class: wusc.edu.facade.user.entity.PmsUser
	at org.apache.ibatis.io.ClassLoaderWrapper.classForName(ClassLoaderWrapper.java:190)
	at org.apache.ibatis.io.ClassLoaderWrapper.classForName(ClassLoaderWrapper.java:89)
	at org.apache.ibatis.io.Resources.classForName(Resources.java:256)
	at org.apache.ibatis.builder.xml.XMLConfigBuilder.typeAliasesElement(XMLConfigBuilder.java:123)
	... 18 more
[INFO ][20170409 11:21:39,011][AbstractApplicationContext:510] Refreshing org.springframework.context.support.ClassPathXmlApplicationContext@4eff1d61: startup date [Sun Apr 09 11:21:39 CST 2017]; root of context hierarchy
[INFO ][20170409 11:21:39,105][XmlBeanDefinitionReader:315] Loading XML bean definitions from class path resource [spring/spring-context.xml]
[INFO ][20170409 11:21:39,428][XmlBeanDefinitionReader:315] Loading XML bean definitions from class path resource [spring/spring-mybatis.xml]
[INFO ][20170409 11:21:39,472][XmlBeanDefinitionReader:315] Loading XML bean definitions from class path resource [spring/dubbo-provider.xml]
[INFO ][20170409 11:21:39,599][?:?] using logger: com.alibaba.dubbo.common.logger.log4j.Log4jLoggerAdapter
[INFO ][20170409 11:21:39,908][PropertiesLoaderSupport:172] Loading properties file from class path resource [jdbc.properties]
[INFO ][20170409 11:21:39,908][PropertiesLoaderSupport:172] Loading properties file from class path resource [service.properties]
[INFO ][20170409 11:21:39,994][DefaultListableBeanFactory:598] Pre-instantiating singletons in org.springframework.beans.factory.support.DefaultListableBeanFactory@58242ff4: defining beans [org.springframework.context.annotation.internalConfigurationAnnotationProcessor,org.springframework.context.annotation.internalAutowiredAnnotationProcessor,org.springframework.context.annotation.internalRequiredAnnotationProcessor,org.springframework.context.annotation.internalCommonAnnotationProcessor,org.springframework.context.support.PropertySourcesPlaceholderConfigurer#0,org.springframework.aop.config.internalAutoProxyCreator,dataSource,sqlSessionFactory,sessionTemplate,transactionManager,gw-service-user,com.alibaba.dubbo.config.RegistryConfig,dubbo,wusc.edu.facade.user.service.PmsUserFacade,org.springframework.context.annotation.ConfigurationClassPostProcessor.importAwareProcessor]; root of factory hierarchy
[INFO ][20170409 11:21:40,623][DruidDataSource:669] {dataSource-1} inited
[INFO ][20170409 11:21:40,941][DefaultSingletonBeanRegistry:444] Destroying singletons in org.springframework.beans.factory.support.DefaultListableBeanFactory@58242ff4: defining beans [org.springframework.context.annotation.internalConfigurationAnnotationProcessor,org.springframework.context.annotation.internalAutowiredAnnotationProcessor,org.springframework.context.annotation.internalRequiredAnnotationProcessor,org.springframework.context.annotation.internalCommonAnnotationProcessor,org.springframework.context.support.PropertySourcesPlaceholderConfigurer#0,org.springframework.aop.config.internalAutoProxyCreator,dataSource,sqlSessionFactory,sessionTemplate,transactionManager,gw-service-user,com.alibaba.dubbo.config.RegistryConfig,dubbo,wusc.edu.facade.user.service.PmsUserFacade,org.springframework.context.annotation.ConfigurationClassPostProcessor.importAwareProcessor]; root of factory hierarchy
[INFO ][20170409 11:21:40,945][DruidDataSource:1385] {dataSource-1} closed
[ERROR][20170409 11:21:40,947][DubboProvider:23] == DubboProvider context start error:
org.springframework.beans.factory.BeanCreationException: Error creating bean with name 'sqlSessionFactory' defined in class path resource [spring/spring-mybatis.xml]: Invocation of init method failed; nested exception is org.springframework.core.NestedIOException: Failed to parse config resource: class path resource [mybatis/mybatis-config.xml]; nested exception is org.apache.ibatis.builder.BuilderException: Error parsing SQL Mapper Configuration. Cause: java.io.IOException: Could not find resource mybatis/mapper/PmsUser.Mapper.xml
	at org.springframework.beans.factory.support.AbstractAutowireCapableBeanFactory.initializeBean(AbstractAutowireCapableBeanFactory.java:1482)
	at org.springframework.beans.factory.support.AbstractAutowireCapableBeanFactory.doCreateBean(AbstractAutowireCapableBeanFactory.java:521)
	at org.springframework.beans.factory.support.AbstractAutowireCapableBeanFactory.createBean(AbstractAutowireCapableBeanFactory.java:458)
	at org.springframework.beans.factory.support.AbstractBeanFactory$1.getObject(AbstractBeanFactory.java:295)
	at org.springframework.beans.factory.support.DefaultSingletonBeanRegistry.getSingleton(DefaultSingletonBeanRegistry.java:223)
	at org.springframework.beans.factory.support.AbstractBeanFactory.doGetBean(AbstractBeanFactory.java:292)
	at org.springframework.beans.factory.support.AbstractBeanFactory.getBean(AbstractBeanFactory.java:194)
	at org.springframework.beans.factory.support.DefaultListableBeanFactory.preInstantiateSingletons(DefaultListableBeanFactory.java:610)
	at org.springframework.context.support.AbstractApplicationContext.finishBeanFactoryInitialization(AbstractApplicationContext.java:932)
	at org.springframework.context.support.AbstractApplicationContext.refresh(AbstractApplicationContext.java:479)
	at org.springframework.context.support.ClassPathXmlApplicationContext.<init>(ClassPathXmlApplicationContext.java:139)
	at org.springframework.context.support.ClassPathXmlApplicationContext.<init>(ClassPathXmlApplicationContext.java:83)
	at dubbo.test.DubboProvider.main(DubboProvider.java:20)
Caused by: org.springframework.core.NestedIOException: Failed to parse config resource: class path resource [mybatis/mybatis-config.xml]; nested exception is org.apache.ibatis.builder.BuilderException: Error parsing SQL Mapper Configuration. Cause: java.io.IOException: Could not find resource mybatis/mapper/PmsUser.Mapper.xml
	at org.mybatis.spring.SqlSessionFactoryBean.buildSqlSessionFactory(SqlSessionFactoryBean.java:434)
	at org.mybatis.spring.SqlSessionFactoryBean.afterPropertiesSet(SqlSessionFactoryBean.java:340)
	at org.springframework.beans.factory.support.AbstractAutowireCapableBeanFactory.invokeInitMethods(AbstractAutowireCapableBeanFactory.java:1541)
	at org.springframework.beans.factory.support.AbstractAutowireCapableBeanFactory.initializeBean(AbstractAutowireCapableBeanFactory.java:1479)
	... 12 more
Caused by: org.apache.ibatis.builder.BuilderException: Error parsing SQL Mapper Configuration. Cause: java.io.IOException: Could not find resource mybatis/mapper/PmsUser.Mapper.xml
	at org.apache.ibatis.builder.xml.XMLConfigBuilder.parseConfiguration(XMLConfigBuilder.java:109)
	at org.apache.ibatis.builder.xml.XMLConfigBuilder.parse(XMLConfigBuilder.java:92)
	at org.mybatis.spring.SqlSessionFactoryBean.buildSqlSessionFactory(SqlSessionFactoryBean.java:428)
	... 15 more
Caused by: java.io.IOException: Could not find resource mybatis/mapper/PmsUser.Mapper.xml
	at org.apache.ibatis.io.Resources.getResourceAsStream(Resources.java:110)
	at org.apache.ibatis.io.Resources.getResourceAsStream(Resources.java:97)
	at org.apache.ibatis.builder.xml.XMLConfigBuilder.mapperElement(XMLConfigBuilder.java:320)
	at org.apache.ibatis.builder.xml.XMLConfigBuilder.parseConfiguration(XMLConfigBuilder.java:107)
	... 17 more
[INFO ][20170409 11:29:09,579][AbstractApplicationContext:510] Refreshing org.springframework.context.support.ClassPathXmlApplicationContext@544cbce2: startup date [Sun Apr 09 11:29:09 CST 2017]; root of context hierarchy
[INFO ][20170409 11:29:09,662][XmlBeanDefinitionReader:315] Loading XML bean definitions from class path resource [spring/spring-context.xml]
[INFO ][20170409 11:29:10,011][XmlBeanDefinitionReader:315] Loading XML bean definitions from class path resource [spring/spring-mybatis.xml]
[INFO ][20170409 11:29:10,064][XmlBeanDefinitionReader:315] Loading XML bean definitions from class path resource [spring/dubbo-provider.xml]
[INFO ][20170409 11:29:10,143][?:?] using logger: com.alibaba.dubbo.common.logger.log4j.Log4jLoggerAdapter
[INFO ][20170409 11:29:10,398][PropertiesLoaderSupport:172] Loading properties file from class path resource [jdbc.properties]
[INFO ][20170409 11:29:10,399][PropertiesLoaderSupport:172] Loading properties file from class path resource [service.properties]
[INFO ][20170409 11:29:10,488][DefaultListableBeanFactory:598] Pre-instantiating singletons in org.springframework.beans.factory.support.DefaultListableBeanFactory@6e6abfe5: defining beans [org.springframework.context.annotation.internalConfigurationAnnotationProcessor,org.springframework.context.annotation.internalAutowiredAnnotationProcessor,org.springframework.context.annotation.internalRequiredAnnotationProcessor,org.springframework.context.annotation.internalCommonAnnotationProcessor,pmsUserFacade,pmsUserBiz,pmsUserDao,org.springframework.context.support.PropertySourcesPlaceholderConfigurer#0,org.springframework.aop.config.internalAutoProxyCreator,dataSource,sqlSessionFactory,sessionTemplate,transactionManager,gw-service-user,com.alibaba.dubbo.config.RegistryConfig,dubbo,wusc.edu.facade.user.service.PmsUserFacade,org.springframework.context.annotation.ConfigurationClassPostProcessor.importAwareProcessor]; root of factory hierarchy
[INFO ][20170409 11:29:11,253][DruidDataSource:669] {dataSource-1} inited
[INFO ][20170409 11:29:11,966][ServiceBean:107]  [DUBBO] The service ready on spring started. service: wusc.edu.facade.user.service.PmsUserFacade, dubbo version: 2.5.3, current host: 127.0.0.1
[INFO ][20170409 11:29:12,138][ServiceConfig:510]  [DUBBO] Export dubbo service wusc.edu.facade.user.service.PmsUserFacade to local registry, dubbo version: 2.5.3, current host: 127.0.0.1
[INFO ][20170409 11:29:12,138][ServiceConfig:470]  [DUBBO] Export dubbo service wusc.edu.facade.user.service.PmsUserFacade to url dubbo://192.168.14.1:20880/wusc.edu.facade.user.service.PmsUserFacade?anyhost=true&application=gw-service-user&dubbo=2.5.3&interface=wusc.edu.facade.user.service.PmsUserFacade&methods=updateUserPwd,update,listPage,findUserByUserNo,getById,deleteUserById,create&pid=19764&side=provider&timestamp=1491708552007, dubbo version: 2.5.3, current host: 127.0.0.1
[INFO ][20170409 11:29:12,138][ServiceConfig:481]  [DUBBO] Register dubbo service wusc.edu.facade.user.service.PmsUserFacade url dubbo://192.168.14.1:20880/wusc.edu.facade.user.service.PmsUserFacade?anyhost=true&application=gw-service-user&dubbo=2.5.3&interface=wusc.edu.facade.user.service.PmsUserFacade&methods=updateUserPwd,update,listPage,findUserByUserNo,getById,deleteUserById,create&pid=19764&side=provider&timestamp=1491708552007 to registry registry://192.168.1.10:2181/com.alibaba.dubbo.registry.RegistryService?application=gw-service-user&dubbo=2.5.3&pid=19764&registry=zookeeper&timestamp=1491708551976, dubbo version: 2.5.3, current host: 127.0.0.1
[INFO ][20170409 11:29:12,478][AbstractServer:69]  [DUBBO] Start NettyServer bind /0.0.0.0:20880, export /192.168.14.1:20880, dubbo version: 2.5.3, current host: 127.0.0.1
[INFO ][20170409 11:29:12,537][AbstractRegistry:232]  [DUBBO] Load registry store file C:\Users\ddxx\.dubbo\dubbo-registry-192.168.1.10.cache, data: {wusc.edu.facade.user.service.PmsUserFacade=empty://192.168.14.1:20880/wusc.edu.facade.user.service.PmsUserFacade?anyhost=true&application=gw-service-user&category=configurators&check=false&dubbo=2.5.3&interface=wusc.edu.facade.user.service.PmsUserFacade&methods=findUserByUserNo,getById,update,create,updateUserPwd,listPage,deleteUserById&pid=5512&side=provider&timestamp=1489812365608}, dubbo version: 2.5.3, current host: 127.0.0.1
[INFO ][20170409 11:29:12,562][ZkEventThread:64] Starting ZkClient event thread.
[INFO ][20170409 11:29:12,588][Environment:100] Client environment:zookeeper.version=3.4.5-1392090, built on 09/30/2012 17:52 GMT
[INFO ][20170409 11:29:12,589][Environment:100] Client environment:host.name=ddxx-PC
[INFO ][20170409 11:29:12,589][Environment:100] Client environment:java.version=1.7.0_51
[INFO ][20170409 11:29:12,589][Environment:100] Client environment:java.vendor=Oracle Corporation
[INFO ][20170409 11:29:12,590][Environment:100] Client environment:java.home=C:\Program Files\Java\jdk1.7.0_51\jre
[INFO ][20170409 11:29:12,590][Environment:100] Client environment:java.class.path=D:\workspace\dubbo\dubbo\edu-service-user\target\test-classes;D:\workspace\dubbo\dubbo\edu-service-user\target\classes;D:\workspace\dubbo\dubbo\edu-common\target\classes;D:\workspace\dubbo\dubbo\edu-common-config\target\classes;D:\workspace\dubbo\dubbo\edu-common-core\target\classes;D:\workspace\dubbo\dubbo\edu-facade-user\target\classes;D:\maven_repository\antlr\antlr\2.7.6\antlr-2.7.6.jar;D:\maven_repository\aopalliance\aopalliance\1.0\aopalliance-1.0.jar;D:\maven_repository\org\aspectj\aspectjweaver\1.7.3\aspectjweaver-1.7.3.jar;D:\maven_repository\cglib\cglib\2.2.2\cglib-2.2.2.jar;D:\maven_repository\asm\asm\3.3.1\asm-3.3.1.jar;D:\maven_repository\net\sf\json-lib\json-lib\2.3\json-lib-2.3-jdk15.jar;D:\maven_repository\commons-lang\commons-lang\2.4\commons-lang-2.4.jar;D:\maven_repository\ognl\ognl\3.0.6\ognl-3.0.6.jar;D:\maven_repository\oro\oro\2.0.8\oro-2.0.8.jar;D:\maven_repository\commons-beanutils\commons-beanutils\1.8.0\commons-beanutils-1.8.0.jar;D:\maven_repository\commons-codec\commons-codec\1.8\commons-codec-1.8.jar;D:\maven_repository\commons-collections\commons-collections\3.2\commons-collections-3.2.jar;D:\maven_repository\commons-digester\commons-digester\2.0\commons-digester-2.0.jar;D:\maven_repository\commons-fileupload\commons-fileupload\1.3.1\commons-fileupload-1.3.1.jar;D:\maven_repository\commons-io\commons-io\2.0.1\commons-io-2.0.1.jar;D:\maven_repository\org\apache\commons\commons-lang3\3.1\commons-lang3-3.1.jar;D:\maven_repository\commons-logging\commons-logging\1.1.3\commons-logging-1.1.3.jar;D:\maven_repository\commons-validator\commons-validator\1.1.4\commons-validator-1.1.4.jar;D:\maven_repository\dom4j\dom4j\1.6.1\dom4j-1.6.1.jar;D:\maven_repository\xml-apis\xml-apis\1.0.b2\xml-apis-1.0.b2.jar;D:\maven_repository\net\sf\ezmorph\ezmorph\1.0.6\ezmorph-1.0.6.jar;D:\maven_repository\javassist\javassist\3.12.1.GA\javassist-3.12.1.GA.jar;D:\maven_repository\jstl\jstl\1.2\jstl-1.2.jar;D:\maven_repository\javax\transaction\jta\1.1\jta-1.1.jar;D:\maven_repository\log4j\log4j\1.2.17\log4j-1.2.17.jar;D:\maven_repository\org\slf4j\slf4j-api\1.7.5\slf4j-api-1.7.5.jar;D:\maven_repository\org\slf4j\slf4j-log4j12\1.7.5\slf4j-log4j12-1.7.5.jar;D:\maven_repository\org\springframework\spring-aop\3.2.4.RELEASE\spring-aop-3.2.4.RELEASE.jar;D:\maven_repository\org\springframework\spring-aspects\3.2.4.RELEASE\spring-aspects-3.2.4.RELEASE.jar;D:\maven_repository\org\springframework\spring-beans\3.2.4.RELEASE\spring-beans-3.2.4.RELEASE.jar;D:\maven_repository\org\springframework\spring-context\3.2.4.RELEASE\spring-context-3.2.4.RELEASE.jar;D:\maven_repository\org\springframework\spring-context-support\3.2.4.RELEASE\spring-context-support-3.2.4.RELEASE.jar;D:\maven_repository\org\springframework\spring-core\3.2.4.RELEASE\spring-core-3.2.4.RELEASE.jar;D:\maven_repository\org\springframework\spring-expression\3.2.4.RELEASE\spring-expression-3.2.4.RELEASE.jar;D:\maven_repository\org\springframework\spring-instrument\3.2.4.RELEASE\spring-instrument-3.2.4.RELEASE.jar;D:\maven_repository\org\springframework\spring-instrument-tomcat\3.2.4.RELEASE\spring-instrument-tomcat-3.2.4.RELEASE.jar;D:\maven_repository\org\springframework\spring-jdbc\3.2.4.RELEASE\spring-jdbc-3.2.4.RELEASE.jar;D:\maven_repository\org\springframework\spring-jms\3.2.4.RELEASE\spring-jms-3.2.4.RELEASE.jar;D:\maven_repository\org\springframework\spring-orm\3.2.4.RELEASE\spring-orm-3.2.4.RELEASE.jar;D:\maven_repository\org\springframework\spring-oxm\3.2.4.RELEASE\spring-oxm-3.2.4.RELEASE.jar;D:\maven_repository\org\springframework\spring-struts\3.2.4.RELEASE\spring-struts-3.2.4.RELEASE.jar;D:\maven_repository\struts\struts\1.2.9\struts-1.2.9.jar;D:\maven_repository\xalan\xalan\2.7.1\xalan-2.7.1.jar;D:\maven_repository\xalan\serializer\2.7.1\serializer-2.7.1.jar;D:\maven_repository\org\springframework\spring-test\3.2.4.RELEASE\spring-test-3.2.4.RELEASE.jar;D:\maven_repository\org\springframework\spring-tx\3.2.4.RELEASE\spring-tx-3.2.4.RELEASE.jar;D:\maven_repository\org\springframework\spring-web\3.2.4.RELEASE\spring-web-3.2.4.RELEASE.jar;D:\maven_repository\org\springframework\spring-webmvc\3.2.4.RELEASE\spring-webmvc-3.2.4.RELEASE.jar;D:\maven_repository\org\springframework\spring-webmvc-portlet\3.2.4.RELEASE\spring-webmvc-portlet-3.2.4.RELEASE.jar;D:\maven_repository\org\mybatis\mybatis\3.2.8\mybatis-3.2.8.jar;D:\maven_repository\org\mybatis\mybatis-spring\1.2.2\mybatis-spring-1.2.2.jar;D:\maven_repository\org\apache\struts\struts2-json-plugin\2.3.15.1\struts2-json-plugin-2.3.15.1.jar;D:\maven_repository\org\apache\struts\struts2-convention-plugin\2.3.15.1\struts2-convention-plugin-2.3.15.1.jar;D:\maven_repository\org\apache\struts\struts2-core\2.3.15.1\struts2-core-2.3.15.1.jar;D:\maven_repository\org\freemarker\freemarker\2.3.19\freemarker-2.3.19.jar;D:\maven_repository\org\apache\struts\struts2-spring-plugin\2.3.15.1\struts2-spring-plugin-2.3.15.1.jar;D:\maven_repository\org\apache\struts\xwork\xwork-core\2.3.15.1\xwork-core-2.3.15.1.jar;D:\maven_repository\asm\asm-commons\3.3\asm-commons-3.3.jar;D:\maven_repository\asm\asm-tree\3.3\asm-tree-3.3.jar;D:\maven_repository\org\apache\tomcat\servlet-api\6.0.37\servlet-api-6.0.37.jar;D:\maven_repository\org\apache\tomcat\jsp-api\6.0.37\jsp-api-6.0.37.jar;D:\maven_repository\org\apache\tomcat\el-api\6.0.37\el-api-6.0.37.jar;D:\maven_repository\com\alibaba\druid\1.0.12\druid-1.0.12.jar;C:\Program Files\Java\jdk1.7.0_51\lib\jconsole.jar;C:\Program Files\Java\jdk1.7.0_51\lib\tools.jar;D:\maven_repository\org\jsoup\jsoup\1.7.3\jsoup-1.7.3.jar;D:\maven_repository\mysql\mysql-connector-java\5.1.32\mysql-connector-java-5.1.32.jar;D:\maven_repository\org\jboss\netty\netty\3.2.5.Final\netty-3.2.5.Final.jar;D:\maven_repository\com\alibaba\dubbo\2.5.3\dubbo-2.5.3.jar;D:\maven_repository\org\javassist\javassist\3.15.0-GA\javassist-3.15.0-GA.jar;D:\maven_repository\org\apache\zookeeper\zookeeper\3.4.5\zookeeper-3.4.5.jar;D:\maven_repository\jline\jline\0.9.94\jline-0.9.94.jar;D:\maven_repository\com\101tec\zkclient\0.3\zkclient-0.3.jar;D:\maven_repository\junit\junit\4.11\junit-4.11.jar;D:\maven_repository\org\hamcrest\hamcrest-core\1.3\hamcrest-core-1.3.jar
[INFO ][20170409 11:29:12,590][Environment:100] Client environment:java.library.path=C:\Program Files\Java\jdk1.7.0_51\bin;C:\Windows\Sun\Java\bin;C:\Windows\system32;C:\Windows;C:/Program Files/Java/jdk1.7.0_51/bin/../jre/bin/server;C:/Program Files/Java/jdk1.7.0_51/bin/../jre/bin;C:/Program Files/Java/jdk1.7.0_51/bin/../jre/lib/amd64;D:\nexus-2.12.0-01-bundle\nexus-2.12.0-01\bin\bin;D:\nexus-2.12.0-01-bundle\nexus-2.12.0-01\bin;D:\apache-maven-3.3.3\bin;C:\Program Files\Java\jdk1.7.0_51\bin;C:\Program Files\Java\jdk1.7.0_51\jre\bin;C:\Windows\system32;C:\Windows;C:\Windows\System32\Wbem;C:\Windows\System32\WindowsPowerShell\v1.0\;C:\Program Files\VanDyke Software\Clients\;E:\Program Files\Git\bin;E:\Program Files\StormII\Codec;E:\Program Files\StormII;E:\IDE\eclipse-jee-mars-2-win32-x86_64\eclipse;;.
[INFO ][20170409 11:29:12,590][Environment:100] Client environment:java.io.tmpdir=C:\Users\ddxx\AppData\Local\Temp\
[INFO ][20170409 11:29:12,590][Environment:100] Client environment:java.compiler=<NA>
[INFO ][20170409 11:29:12,591][Environment:100] Client environment:os.name=Windows 7
[INFO ][20170409 11:29:12,591][Environment:100] Client environment:os.arch=amd64
[INFO ][20170409 11:29:12,591][Environment:100] Client environment:os.version=6.1
[INFO ][20170409 11:29:12,591][Environment:100] Client environment:user.name=ddxx
[INFO ][20170409 11:29:12,592][Environment:100] Client environment:user.home=C:\Users\ddxx
[INFO ][20170409 11:29:12,592][Environment:100] Client environment:user.dir=D:\workspace\dubbo\dubbo\edu-service-user
[INFO ][20170409 11:29:12,594][ZooKeeper:438] Initiating client connection, connectString=192.168.1.10:2181 sessionTimeout=30000 watcher=org.I0Itec.zkclient.ZkClient@67056c41
[INFO ][20170409 11:29:21,938][ClientCnxn$SendThread:966] Opening socket connection to server 192.168.1.10/192.168.1.10:2181. Will not attempt to authenticate using SASL (unknown error)
[INFO ][20170409 11:29:21,939][ClientCnxn$SendThread:849] Socket connection established to 192.168.1.10/192.168.1.10:2181, initiating session
[INFO ][20170409 11:29:22,098][ClientCnxn$SendThread:1207] Session establishment complete on server 192.168.1.10/192.168.1.10:2181, sessionid = 0x15b50b35af80000, negotiated timeout = 30000
[INFO ][20170409 11:29:22,101][ZkClient:449] zookeeper state changed (SyncConnected)
[INFO ][20170409 11:29:22,103][AbstractRegistry:302]  [DUBBO] Register: dubbo://192.168.14.1:20880/wusc.edu.facade.user.service.PmsUserFacade?anyhost=true&application=gw-service-user&dubbo=2.5.3&interface=wusc.edu.facade.user.service.PmsUserFacade&methods=updateUserPwd,update,listPage,findUserByUserNo,getById,deleteUserById,create&pid=19764&side=provider&timestamp=1491708552007, dubbo version: 2.5.3, current host: 127.0.0.1
[INFO ][20170409 11:29:22,217][AbstractRegistry:325]  [DUBBO] Subscribe: provider://192.168.14.1:20880/wusc.edu.facade.user.service.PmsUserFacade?anyhost=true&application=gw-service-user&category=configurators&check=false&dubbo=2.5.3&interface=wusc.edu.facade.user.service.PmsUserFacade&methods=updateUserPwd,update,listPage,findUserByUserNo,getById,deleteUserById,create&pid=19764&side=provider&timestamp=1491708552007, dubbo version: 2.5.3, current host: 127.0.0.1
[INFO ][20170409 11:29:22,254][AbstractRegistry:422]  [DUBBO] Notify urls for subscribe url provider://192.168.14.1:20880/wusc.edu.facade.user.service.PmsUserFacade?anyhost=true&application=gw-service-user&category=configurators&check=false&dubbo=2.5.3&interface=wusc.edu.facade.user.service.PmsUserFacade&methods=updateUserPwd,update,listPage,findUserByUserNo,getById,deleteUserById,create&pid=19764&side=provider&timestamp=1491708552007, urls: [empty://192.168.14.1:20880/wusc.edu.facade.user.service.PmsUserFacade?anyhost=true&application=gw-service-user&category=configurators&check=false&dubbo=2.5.3&interface=wusc.edu.facade.user.service.PmsUserFacade&methods=updateUserPwd,update,listPage,findUserByUserNo,getById,deleteUserById,create&pid=19764&side=provider&timestamp=1491708552007], dubbo version: 2.5.3, current host: 127.0.0.1
[WARN ][20170409 11:31:40,742][AbstractServer:197]  [DUBBO] All clients has discontected from /192.168.14.1:20880. You can graceful shutdown now., dubbo version: 2.5.3, current host: 127.0.0.1
[INFO ][20170409 11:31:40,764][DubboProtocol$1:130]  [DUBBO] disconected from /192.168.14.1:65262,url:dubbo://192.168.14.1:20880/wusc.edu.facade.user.service.PmsUserFacade?anyhost=true&application=gw-service-user&channel.readonly.sent=true&codec=dubbo&dubbo=2.5.3&heartbeat=60000&interface=wusc.edu.facade.user.service.PmsUserFacade&methods=updateUserPwd,update,listPage,findUserByUserNo,getById,deleteUserById,create&pid=19764&side=provider&timestamp=1491708552007, dubbo version: 2.5.3, current host: 127.0.0.1
